
ROM used:   279/8192 (3%)
            279/8192 (3%) including unused fragments

            0.3 Average locations per line
            4.8 Average locations per statement

RAM used:   7/368 (2%) at main() level
            10/368 (3%) worst case

Stack used: 1 worst case (1 in main + 0 for interrupts)
Stack size: 8

Lines Stmts  %   Files
----- ----- ---  -----
   95    58 100  PIC16F887.c
  809     0   0  C:\Program Files (x86)\PICC\Devices\16F887.h
----- -----
  904    58 Total

Page ROM  %  RAM    Vol Diff  Functions:
---- --- --- ---    --- ----  ----------
0     20   7    1             @delay_ms1
0     93  33    1    709  3.4  control_button
0     84  30    3    564  3.8  control_skylight
0     78  28    0    253  1.8  MAIN
 Inline         0             @cinit1

Program metrics:
    Functions               3
    Statements              58
    Comments                135
    Volume (V)              1942
    Difficulty (D)          8.9
    Effort to implement (E) 17239
    Time to implement (T)   16 minutes
    Est Delivered Bugs (B)  0
    Cyclomatic Complexity   7
    Maintainability (MI)    48

 Segment     Used  Free
-----------  ----  ----
00000-00003     4  0  
00004-007FF   275  1769  
00800-00FFF     0  2048  
01000-017FF     0  2048  
01800-01FFF     0  2048  



